2021-04-26T09:55:56.933Z info: Listening on port 3000...
2021-04-26T09:55:57.653Z info: Connected to MongoDB...
2021-04-26T10:05:58.468Z info: Listening on port 3000...
2021-04-26T10:05:58.523Z info: Connected to MongoDB...
2021-04-26T10:06:48.070Z info: Listening on port 3000...
2021-04-26T10:06:48.126Z info: Connected to MongoDB...
2021-04-26T10:07:08.716Z error: uncaughtException: Cannot read property 'toString' of undefined
TypeError: Cannot read property 'toString' of undefined
    at ReadFileContext.callback (C:\Users\HP\Desktop\Comprite Website\backend\common\functions.js:9:23)
    at FSReqCallback.readFileAfterOpen [as oncomplete] (fs.js:273:13)
2021-04-26T10:08:10.504Z info: Listening on port 3000...
2021-04-26T10:08:10.549Z info: Connected to MongoDB...
2021-04-26T10:08:15.814Z error: uncaughtException: Cannot read property 'toString' of undefined
TypeError: Cannot read property 'toString' of undefined
    at ReadFileContext.callback (C:\Users\HP\Desktop\Comprite Website\backend\common\functions.js:9:23)
    at FSReqCallback.readFileAfterOpen [as oncomplete] (fs.js:273:13)
2021-04-26T10:08:39.294Z info: Listening on port 3000...
2021-04-26T10:08:39.347Z info: Connected to MongoDB...
2021-04-26T10:09:18.338Z error: uncaughtException: Cannot read property 'toString' of undefined
TypeError: Cannot read property 'toString' of undefined
    at ReadFileContext.callback (C:\Users\HP\Desktop\Comprite Website\backend\common\functions.js:9:23)
    at FSReqCallback.readFileAfterOpen [as oncomplete] (fs.js:273:13)
2021-04-26T10:09:55.819Z info: Listening on port 3000...
2021-04-26T10:09:55.865Z info: Connected to MongoDB...
2021-04-26T10:10:48.141Z info: Listening on port 3000...
2021-04-26T10:10:48.214Z info: Connected to MongoDB...
